<?xml version="1.0" encoding="UTF-8"?>
<robot generator="Robot 7.2.2 (Python 3.10.12 on linux)" generated="2025-05-31T16:41:21.825252" rpa="false" schemaversion="5">
<suite id="s1" name="Jbl" source="/home/salhi/testCasqueJBL/tests/jbl.robot">
<test id="s1-t1" name="Check if Headset is Connected" line="9">
<kw name="Run Process" owner="Process">
<msg time="2025-05-31T16:41:21.854122" level="INFO">Starting process:
python3 ./libraries/script_bluetooth.py 37:2B:54:9C:75:C4</msg>
<msg time="2025-05-31T16:41:21.856382" level="INFO">Waiting for process to complete.</msg>
<msg time="2025-05-31T16:41:21.916818" level="INFO">Process completed.</msg>
<msg time="2025-05-31T16:41:21.917417" level="INFO">${bt} = &lt;result object with rc 0&gt;</msg>
<var>${bt}</var>
<arg>python3 ./libraries/script_bluetooth.py ${MAC}</arg>
<arg>stdout=PIPE</arg>
<arg>shell=True</arg>
<doc>Runs a process and waits for it to complete.</doc>
<status status="PASS" start="2025-05-31T16:41:21.853751" elapsed="0.063745"/>
</kw>
<kw name="Set Variable" owner="BuiltIn">
<msg time="2025-05-31T16:41:21.919556" level="INFO">${status} = CONNECTED</msg>
<var>${status}</var>
<arg>${bt.stdout.strip()}</arg>
<doc>Returns the given values which can then be assigned to a variables.</doc>
<status status="PASS" start="2025-05-31T16:41:21.918240" elapsed="0.001371"/>
</kw>
<kw name="Log" owner="BuiltIn">
<msg time="2025-05-31T16:41:21.920280" level="INFO">Bluetooth Status: CONNECTED</msg>
<arg>Bluetooth Status: ${status}</arg>
<doc>Logs the given message with the given level.</doc>
<status status="PASS" start="2025-05-31T16:41:21.919949" elapsed="0.000422"/>
</kw>
<kw name="Run Keyword If" owner="BuiltIn">
<arg>'${status}' != 'CONNECTED'</arg>
<arg>Fail</arg>
<arg>Headset is not connected</arg>
<doc>Runs the given keyword with the given arguments, if ``condition`` is true.</doc>
<status status="PASS" start="2025-05-31T16:41:21.920636" elapsed="0.000343"/>
</kw>
<status status="PASS" start="2025-05-31T16:41:21.852876" elapsed="0.068373"/>
</test>
<test id="s1-t2" name="Play YouTube and Control Volume with Headset" line="15">
<kw name="Run Process" owner="Process">
<msg time="2025-05-31T16:41:21.922735" level="INFO">Starting process:
python3 ./libraries/script_youtube_play.py https://youtu.be/fIw0914lSoo</msg>
<msg time="2025-05-31T16:41:21.926138" level="INFO">Waiting for process to complete.</msg>
<msg time="2025-05-31T16:42:21.014858" level="INFO">Process completed.</msg>
<arg>python3 ./libraries/script_youtube_play.py ${YOUTUBE_LINK}</arg>
<arg>shell=True</arg>
<doc>Runs a process and waits for it to complete.</doc>
<status status="PASS" start="2025-05-31T16:41:21.922346" elapsed="59.092700"/>
</kw>
<kw name="Log" owner="BuiltIn">
<msg time="2025-05-31T16:42:21.015988" level="INFO">YouTube and volume test completed</msg>
<arg>YouTube and volume test completed</arg>
<doc>Logs the given message with the given level.</doc>
<status status="PASS" start="2025-05-31T16:42:21.015590" elapsed="0.000537"/>
</kw>
<status status="PASS" start="2025-05-31T16:41:21.921668" elapsed="59.094891"/>
</test>
<test id="s1-t3" name="Check Headset Volume" line="19">
<kw name="Run Process" owner="Process">
<msg time="2025-05-31T16:42:21.018607" level="INFO">Starting process:
python3 ./libraries/script_volume.py</msg>
<msg time="2025-05-31T16:42:21.021269" level="INFO">Waiting for process to complete.</msg>
<msg time="2025-05-31T16:42:21.065260" level="INFO">Process completed.</msg>
<msg time="2025-05-31T16:42:21.065737" level="INFO">${vol} = &lt;result object with rc 0&gt;</msg>
<var>${vol}</var>
<arg>python3 ./libraries/script_volume.py</arg>
<arg>stdout=PIPE</arg>
<arg>shell=True</arg>
<doc>Runs a process and waits for it to complete.</doc>
<status status="PASS" start="2025-05-31T16:42:21.017976" elapsed="0.047809"/>
</kw>
<kw name="Set Variable" owner="BuiltIn">
<msg time="2025-05-31T16:42:21.067223" level="INFO">${volume} = 100</msg>
<var>${volume}</var>
<arg>${vol.stdout.strip()}</arg>
<doc>Returns the given values which can then be assigned to a variables.</doc>
<status status="PASS" start="2025-05-31T16:42:21.066212" elapsed="0.001066"/>
</kw>
<kw name="Log" owner="BuiltIn">
<msg time="2025-05-31T16:42:21.067797" level="INFO">Volume Level: 100</msg>
<arg>Volume Level: ${volume}</arg>
<doc>Logs the given message with the given level.</doc>
<status status="PASS" start="2025-05-31T16:42:21.067563" elapsed="0.000309"/>
</kw>
<kw name="Log To Console" owner="BuiltIn">
<arg>Volume Level: ${volume}</arg>
<doc>Logs the given message to the console.</doc>
<status status="PASS" start="2025-05-31T16:42:21.068030" elapsed="0.000183"/>
</kw>
<kw name="Run Keyword If" owner="BuiltIn">
<arg>'${volume}' == '' or '${volume}' == 'NOT FOUND'</arg>
<arg>Fail</arg>
<arg>Volume not found</arg>
<doc>Runs the given keyword with the given arguments, if ``condition`` is true.</doc>
<status status="PASS" start="2025-05-31T16:42:21.068355" elapsed="0.000223"/>
</kw>
<kw name="Run Keyword If" owner="BuiltIn">
<arg>not '${volume}'.isdigit()</arg>
<arg>Fail</arg>
<arg>Invalid volume value: ${volume}</arg>
<doc>Runs the given keyword with the given arguments, if ``condition`` is true.</doc>
<status status="PASS" start="2025-05-31T16:42:21.068706" elapsed="0.000150"/>
</kw>
<status status="PASS" start="2025-05-31T16:42:21.017015" elapsed="0.052013"/>
</test>
<doc>JBL Headset Test Automation</doc>
<status status="PASS" start="2025-05-31T16:41:21.826459" elapsed="59.243158"/>
</suite>
<statistics>
<total>
<stat pass="3" fail="0" skip="0">All Tests</stat>
</total>
<tag>
</tag>
<suite>
<stat name="Jbl" id="s1" pass="3" fail="0" skip="0">Jbl</stat>
</suite>
</statistics>
<errors>
</errors>
</robot>
